<?xml version="1.0" encoding="UTF-8"?>
<testsuite xmlns:xsi="http://www.w3.org/2001/XMLSchema-instance" xsi:noNamespaceSchemaLocation="https://maven.apache.org/surefire/maven-failsafe-plugin/xsd/failsafe-test-report-3.0.xsd" version="3.0" name="As a user I want to create new Account" time="1.673" tests="1" errors="0" skipped="0" failures="0">
  <properties>
[...]
</properties>
  <testcase name="As a user, I want to create new account with valid data" classname="As a user I want to create new Account" time="1.673">
    <system-out><![CDATA[

2
 Scenarios (
&amp#27;[32m2 passed&amp#27;[0m
)


8
 Steps (
&amp#27;[32m8 passed&amp#27;[0m
)


0m
11.950s






16:52:53.584 [pool-2-thread-1] DEBUG net.thucydides.core.reports.ReportService - Reporting formats: [JSON, HTML]

16:52:53.726 [pool-2-thread-1] DEBUG net.thucydides.core.reports.ReportService - Reporting formats: [JSON, HTML]

16:52:53.741 [pool-2-thread-1] DEBUG net.thucydides.core.reports.ReportService - Generating reports for 2 test outcomes using: net.thucydides.core.reports.json.JSONTestOutcomeReporter@63bb32af

16:52:53.757 [pool-2-thread-1] DEBUG net.thucydides.core.reports.ReportService - Processing test outcome As a user I want to see my homepage:As a user, I want to login with valid data

16:52:53.757 [pool-2-thread-2] DEBUG net.thucydides.core.reports.ReportService - Processing test outcome As a user I want to create new Account:As a user, I want to create new account with valid data

16:52:53.757 [pool-2-thread-1] INFO net.thucydides.core.reports.ReportService - net.thucydides.core.reports.json.JSONTestOutcomeReporter@63bb32af: Generating report for test outcome: As a user I want to see my homepage:As a user, I want to login with valid data

16:52:53.757 [pool-2-thread-2] INFO net.thucydides.core.reports.ReportService - net.thucydides.core.reports.json.JSONTestOutcomeReporter@63bb32af: Generating report for test outcome: As a user I want to create new Account:As a user, I want to create new account with valid data

16:52:53.773 [pool-2-thread-1] DEBUG net.thucydides.core.reports.json.JSONTestOutcomeReporter - Generating JSON report for As a user, I want to login with valid data to file D:\API-Bayeue\target\site\serenity\06b934c003f78d1b2b5dee1d1edc34d1d62c4d79f3a2d6c9371aafcb20b11229.json (using temp file D:\API-Bayeue\target\site\serenity\06b934c003f78d1b2b5dee1d1edc34d1d62c4d79f3a2d6c9371aafcb20b11229.json59470fa2-30ad-4e54-9ad7-ae22c9f56f81)

16:52:53.773 [pool-2-thread-2] DEBUG net.thucydides.core.reports.json.JSONTestOutcomeReporter - Generating JSON report for As a user, I want to create new account with valid data to file D:\API-Bayeue\target\site\serenity\04eeb9261e0fd497ac07e6ff8c9ad0a35b83fc06de7810413dafb629dd63565e.json (using temp file D:\API-Bayeue\target\site\serenity\04eeb9261e0fd497ac07e6ff8c9ad0a35b83fc06de7810413dafb629dd63565e.jsona7d76f1a-825f-4ca3-9571-b4b1bea7041d)

16:52:53.930 [pool-2-thread-2] DEBUG net.thucydides.core.reports.ReportService - Processing test outcome As a user I want to create new Account:As a user, I want to create new account with valid data done

16:52:53.930 [pool-2-thread-1] DEBUG net.thucydides.core.reports.ReportService - Processing test outcome As a user I want to see my homepage:As a user, I want to login with valid data done

16:52:53.930 [pool-2-thread-1] DEBUG net.thucydides.core.reports.ReportService - Shutting down executor service

16:52:53.930 [pool-2-thread-1] DEBUG net.thucydides.core.reports.ReportService - Reports generated in: 189 ms

16:52:53.930 [pool-2-thread-1] DEBUG net.thucydides.core.reports.ReportService - Generating reports for 2 test outcomes using: net.thucydides.core.reports.html.HtmlAcceptanceTestReporter@6101f4e3

16:52:53.930 [pool-3-thread-1] DEBUG net.thucydides.core.reports.ReportService - Processing test outcome As a user I want to see my homepage:As a user, I want to login with valid data

16:52:53.930 [pool-3-thread-1] INFO net.thucydides.core.reports.ReportService - net.thucydides.core.reports.html.HtmlAcceptanceTestReporter@6101f4e3: Generating report for test outcome: As a user I want to see my homepage:As a user, I want to login with valid data

16:52:53.930 [pool-3-thread-2] DEBUG net.thucydides.core.reports.ReportService - Processing test outcome As a user I want to create new Account:As a user, I want to create new account with valid data

16:52:53.930 [pool-3-thread-2] INFO net.thucydides.core.reports.ReportService - net.thucydides.core.reports.html.HtmlAcceptanceTestReporter@6101f4e3: Generating report for test outcome: As a user I want to create new Account:As a user, I want to create new account with valid data

16:52:53.977 [pool-3-thread-1] WARN net.thucydides.core.requirements.RequirementsTagProvider - Failed to load requirements: Illegal char <:> at index 4: file:\D:\API-Bayeue\src\test\resources\api\Login.feature
java.nio.file.InvalidPathException: Illegal char <:> at index 4: file:\D:\API-Bayeue\src\test\resources\api\Login.feature
	at sun.nio.fs.WindowsPathParser.normalize(WindowsPathParser.java:182)
	at sun.nio.fs.WindowsPathParser.parse(WindowsPathParser.java:153)
	at sun.nio.fs.WindowsPathParser.parse(WindowsPathParser.java:77)
	at sun.nio.fs.WindowsPath.parse(WindowsPath.java:94)
	at sun.nio.fs.WindowsFileSystem.getPath(WindowsFileSystem.java:255)
	at java.io.File.toPath(File.java:2271)
	at net.thucydides.core.requirements.RootDirectory.getRelativePathOf(RootDirectory.java:364)
	at net.thucydides.core.requirements.FileSystemRequirementsTagProvider.requirementWithMatchingPath(FileSystemRequirementsTagProvider.java:372)
	at net.thucydides.core.requirements.FileSystemRequirementsTagProvider.getParentRequirementOf(FileSystemRequirementsTagProvider.java:335)
	at net.thucydides.core.requirements.ParentRequirementsProvided.forOutcome(ParentRequirementsProvided.java:26)
	at net.thucydides.core.requirements.BaseRequirementsService.getParentRequirementOf(BaseRequirementsService.java:138)
	at net.thucydides.core.requirements.BaseRequirementsService.getParentRequirementFor(BaseRequirementsService.java:48)
	at net.thucydides.core.reports.html.HtmlAcceptanceTestReporter.addParentRequirmentFieldToContext(HtmlAcceptanceTestReporter.java:196)
	at net.thucydides.core.reports.html.HtmlAcceptanceTestReporter.addTestOutcomeToContext(HtmlAcceptanceTestReporter.java:190)
	at net.thucydides.core.reports.html.HtmlAcceptanceTestReporter.generateReportFor(HtmlAcceptanceTestReporter.java:105)
	at net.thucydides.core.reports.ReportService.generateReportFor(ReportService.java:246)
	at net.thucydides.core.reports.ReportService.lambda$generateReportsFor$0(ReportService.java:184)
	at java.util.concurrent.Executors$RunnableAdapter.call(Executors.java:511)
	at java.util.concurrent.FutureTask.run(FutureTask.java:266)
	at java.util.concurrent.ThreadPoolExecutor.runWorker(ThreadPoolExecutor.java:1149)
	at java.util.concurrent.ThreadPoolExecutor$Worker.run(ThreadPoolExecutor.java:624)
	at java.lang.Thread.run(Thread.java:750)

16:52:53.977 [pool-3-thread-2] WARN net.thucydides.core.requirements.RequirementsTagProvider - Failed to load requirements: Illegal char <:> at index 4: file:\D:\API-Bayeue\src\test\resources\api\Register.feature
java.nio.file.InvalidPathException: Illegal char <:> at index 4: file:\D:\API-Bayeue\src\test\resources\api\Register.feature
	at sun.nio.fs.WindowsPathParser.normalize(WindowsPathParser.java:182)
	at sun.nio.fs.WindowsPathParser.parse(WindowsPathParser.java:153)
	at sun.nio.fs.WindowsPathParser.parse(WindowsPathParser.java:77)
	at sun.nio.fs.WindowsPath.parse(WindowsPath.java:94)
	at sun.nio.fs.WindowsFileSystem.getPath(WindowsFileSystem.java:255)
	at java.io.File.toPath(File.java:2271)
	at net.thucydides.core.requirements.RootDirectory.getRelativePathOf(RootDirectory.java:364)
	at net.thucydides.core.requirements.FileSystemRequirementsTagProvider.requirementWithMatchingPath(FileSystemRequirementsTagProvider.java:372)
	at net.thucydides.core.requirements.FileSystemRequirementsTagProvider.getParentRequirementOf(FileSystemRequirementsTagProvider.java:335)
	at net.thucydides.core.requirements.ParentRequirementsProvided.forOutcome(ParentRequirementsProvided.java:26)
	at net.thucydides.core.requirements.BaseRequirementsService.getParentRequirementOf(BaseRequirementsService.java:138)
	at net.thucydides.core.requirements.BaseRequirementsService.getParentRequirementFor(BaseRequirementsService.java:48)
	at net.thucydides.core.reports.html.HtmlAcceptanceTestReporter.addParentRequirmentFieldToContext(HtmlAcceptanceTestReporter.java:196)
	at net.thucydides.core.reports.html.HtmlAcceptanceTestReporter.addTestOutcomeToContext(HtmlAcceptanceTestReporter.java:190)
	at net.thucydides.core.reports.html.HtmlAcceptanceTestReporter.generateReportFor(HtmlAcceptanceTestReporter.java:105)
	at net.thucydides.core.reports.ReportService.generateReportFor(ReportService.java:246)
	at net.thucydides.core.reports.ReportService.lambda$generateReportsFor$0(ReportService.java:184)
	at java.util.concurrent.Executors$RunnableAdapter.call(Executors.java:511)
	at java.util.concurrent.FutureTask.run(FutureTask.java:266)
	at java.util.concurrent.ThreadPoolExecutor.runWorker(ThreadPoolExecutor.java:1149)
	at java.util.concurrent.ThreadPoolExecutor$Worker.run(ThreadPoolExecutor.java:624)
	at java.lang.Thread.run(Thread.java:750)

16:52:53.977 [pool-3-thread-2] WARN net.thucydides.core.requirements.RequirementsTagProvider - Failed to load requirements: Illegal char <:> at index 4: file:\D:\API-Bayeue\src\test\resources\api\Register.feature
java.nio.file.InvalidPathException: Illegal char <:> at index 4: file:\D:\API-Bayeue\src\test\resources\api\Register.feature
	at sun.nio.fs.WindowsPathParser.normalize(WindowsPathParser.java:182)
	at sun.nio.fs.WindowsPathParser.parse(WindowsPathParser.java:153)
	at sun.nio.fs.WindowsPathParser.parse(WindowsPathParser.java:77)
	at sun.nio.fs.WindowsPath.parse(WindowsPath.java:94)
	at sun.nio.fs.WindowsFileSystem.getPath(WindowsFileSystem.java:255)
	at java.io.File.toPath(File.java:2271)
	at net.thucydides.core.requirements.RootDirectory.getRelativePathOf(RootDirectory.java:364)
	at net.thucydides.core.requirements.FileSystemRequirementsTagProvider.requirementWithMatchingPath(FileSystemRequirementsTagProvider.java:372)
	at net.thucydides.core.requirements.FileSystemRequirementsTagProvider.getParentRequirementOf(FileSystemRequirementsTagProvider.java:335)
	at net.thucydides.core.requirements.ParentRequirementsProvided.forOutcome(ParentRequirementsProvided.java:26)
	at net.thucydides.core.requirements.BaseRequirementsService.getParentRequirementOf(BaseRequirementsService.java:138)
	at net.thucydides.core.requirements.BaseRequirementsService.getAncestorRequirementsFor(BaseRequirementsService.java:78)
	at net.thucydides.core.reports.html.HtmlAcceptanceTestReporter.addBreadcrumbs(HtmlAcceptanceTestReporter.java:226)
	at net.thucydides.core.reports.html.HtmlAcceptanceTestReporter.addParentRequirmentFieldToContext(HtmlAcceptanceTestReporter.java:214)
	at net.thucydides.core.reports.html.HtmlAcceptanceTestReporter.addTestOutcomeToContext(HtmlAcceptanceTestReporter.java:190)
	at net.thucydides.core.reports.html.HtmlAcceptanceTestReporter.generateReportFor(HtmlAcceptanceTestReporter.java:105)
	at net.thucydides.core.reports.ReportService.generateReportFor(ReportService.java:246)
	at net.thucydides.core.reports.ReportService.lambda$generateReportsFor$0(ReportService.java:184)
	at java.util.concurrent.Executors$RunnableAdapter.call(Executors.java:511)
	at java.util.concurrent.FutureTask.run(FutureTask.java:266)
	at java.util.concurrent.ThreadPoolExecutor.runWorker(ThreadPoolExecutor.java:1149)
	at java.util.concurrent.ThreadPoolExecutor$Worker.run(ThreadPoolExecutor.java:624)
	at java.lang.Thread.run(Thread.java:750)

16:52:53.993 [pool-3-thread-2] WARN net.thucydides.core.requirements.RequirementsTagProvider - Failed to load requirements: Illegal char <:> at index 4: file:\D:\API-Bayeue\src\test\resources\api\Register.feature
java.nio.file.InvalidPathException: Illegal char <:> at index 4: file:\D:\API-Bayeue\src\test\resources\api\Register.feature
	at sun.nio.fs.WindowsPathParser.normalize(WindowsPathParser.java:182)
	at sun.nio.fs.WindowsPathParser.parse(WindowsPathParser.java:153)
	at sun.nio.fs.WindowsPathParser.parse(WindowsPathParser.java:77)
	at sun.nio.fs.WindowsPath.parse(WindowsPath.java:94)
	at sun.nio.fs.WindowsFileSystem.getPath(WindowsFileSystem.java:255)
	at java.io.File.toPath(File.java:2271)
	at net.thucydides.core.requirements.RootDirectory.getRelativePathOf(RootDirectory.java:364)
	at net.thucydides.core.requirements.FileSystemRequirementsTagProvider.requirementWithMatchingPath(FileSystemRequirementsTagProvider.java:372)
	at net.thucydides.core.requirements.FileSystemRequirementsTagProvider.getParentRequirementOf(FileSystemRequirementsTagProvider.java:335)
	at net.thucydides.core.requirements.ParentRequirementsProvided.forOutcome(ParentRequirementsProvided.java:26)
	at net.thucydides.core.requirements.BaseRequirementsService.getParentRequirementOf(BaseRequirementsService.java:138)
	at net.thucydides.core.requirements.BaseRequirementsService.getAncestorRequirementsFor(BaseRequirementsService.java:78)
	at net.thucydides.core.tags.BreadcrumbTagFilter.getRequirementBreadcrumbsFrom(BreadcrumbTagFilter.java:51)
	at net.thucydides.core.reports.html.HtmlAcceptanceTestReporter.addBreadcrumbs(HtmlAcceptanceTestReporter.java:227)
	at net.thucydides.core.reports.html.HtmlAcceptanceTestReporter.addParentRequirmentFieldToContext(HtmlAcceptanceTestReporter.java:214)
	at net.thucydides.core.reports.html.HtmlAcceptanceTestReporter.addTestOutcomeToContext(HtmlAcceptanceTestReporter.java:190)
	at net.thucydides.core.reports.html.HtmlAcceptanceTestReporter.generateReportFor(HtmlAcceptanceTestReporter.java:105)
	at net.thucydides.core.reports.ReportService.generateReportFor(ReportService.java:246)
	at net.thucydides.core.reports.ReportService.lambda$generateReportsFor$0(ReportService.java:184)
	at java.util.concurrent.Executors$RunnableAdapter.call(Executors.java:511)
	at java.util.concurrent.FutureTask.run(FutureTask.java:266)
	at java.util.concurrent.ThreadPoolExecutor.runWorker(ThreadPoolExecutor.java:1149)
	at java.util.concurrent.ThreadPoolExecutor$Worker.run(ThreadPoolExecutor.java:624)
	at java.lang.Thread.run(Thread.java:750)

16:52:53.993 [pool-3-thread-1] WARN net.thucydides.core.requirements.RequirementsTagProvider - Failed to load requirements: Illegal char <:> at index 4: file:\D:\API-Bayeue\src\test\resources\api\Login.feature
java.nio.file.InvalidPathException: Illegal char <:> at index 4: file:\D:\API-Bayeue\src\test\resources\api\Login.feature
	at sun.nio.fs.WindowsPathParser.normalize(WindowsPathParser.java:182)
	at sun.nio.fs.WindowsPathParser.parse(WindowsPathParser.java:153)
	at sun.nio.fs.WindowsPathParser.parse(WindowsPathParser.java:77)
	at sun.nio.fs.WindowsPath.parse(WindowsPath.java:94)
	at sun.nio.fs.WindowsFileSystem.getPath(WindowsFileSystem.java:255)
	at java.io.File.toPath(File.java:2271)
	at net.thucydides.core.requirements.RootDirectory.getRelativePathOf(RootDirectory.java:364)
	at net.thucydides.core.requirements.FileSystemRequirementsTagProvider.requirementWithMatchingPath(FileSystemRequirementsTagProvider.java:372)
	at net.thucydides.core.requirements.FileSystemRequirementsTagProvider.getParentRequirementOf(FileSystemRequirementsTagProvider.java:335)
	at net.thucydides.core.requirements.ParentRequirementsProvided.forOutcome(ParentRequirementsProvided.java:26)
	at net.thucydides.core.requirements.BaseRequirementsService.getParentRequirementOf(BaseRequirementsService.java:138)
	at net.thucydides.core.requirements.BaseRequirementsService.getAncestorRequirementsFor(BaseRequirementsService.java:78)
	at net.thucydides.core.reports.html.HtmlAcceptanceTestReporter.addBreadcrumbs(HtmlAcceptanceTestReporter.java:226)
	at net.thucydides.core.reports.html.HtmlAcceptanceTestReporter.addParentRequirmentFieldToContext(HtmlAcceptanceTestReporter.java:214)
	at net.thucydides.core.reports.html.HtmlAcceptanceTestReporter.addTestOutcomeToContext(HtmlAcceptanceTestReporter.java:190)
	at net.thucydides.core.reports.html.HtmlAcceptanceTestReporter.generateReportFor(HtmlAcceptanceTestReporter.java:105)
	at net.thucydides.core.reports.ReportService.generateReportFor(ReportService.java:246)
	at net.thucydides.core.reports.ReportService.lambda$generateReportsFor$0(ReportService.java:184)
	at java.util.concurrent.Executors$RunnableAdapter.call(Executors.java:511)
	at java.util.concurrent.FutureTask.run(FutureTask.java:266)
	at java.util.concurrent.ThreadPoolExecutor.runWorker(ThreadPoolExecutor.java:1149)
	at java.util.concurrent.ThreadPoolExecutor$Worker.run(ThreadPoolExecutor.java:624)
	at java.lang.Thread.run(Thread.java:750)

16:52:53.993 [pool-3-thread-1] WARN net.thucydides.core.requirements.RequirementsTagProvider - Failed to load requirements: Illegal char <:> at index 4: file:\D:\API-Bayeue\src\test\resources\api\Login.feature
java.nio.file.InvalidPathException: Illegal char <:> at index 4: file:\D:\API-Bayeue\src\test\resources\api\Login.feature
	at sun.nio.fs.WindowsPathParser.normalize(WindowsPathParser.java:182)
	at sun.nio.fs.WindowsPathParser.parse(WindowsPathParser.java:153)
	at sun.nio.fs.WindowsPathParser.parse(WindowsPathParser.java:77)
	at sun.nio.fs.WindowsPath.parse(WindowsPath.java:94)
	at sun.nio.fs.WindowsFileSystem.getPath(WindowsFileSystem.java:255)
	at java.io.File.toPath(File.java:2271)
	at net.thucydides.core.requirements.RootDirectory.getRelativePathOf(RootDirectory.java:364)
	at net.thucydides.core.requirements.FileSystemRequirementsTagProvider.requirementWithMatchingPath(FileSystemRequirementsTagProvider.java:372)
	at net.thucydides.core.requirements.FileSystemRequirementsTagProvider.getParentRequirementOf(FileSystemRequirementsTagProvider.java:335)
	at net.thucydides.core.requirements.ParentRequirementsProvided.forOutcome(ParentRequirementsProvided.java:26)
	at net.thucydides.core.requirements.BaseRequirementsService.getParentRequirementOf(BaseRequirementsService.java:138)
	at net.thucydides.core.requirements.BaseRequirementsService.getAncestorRequirementsFor(BaseRequirementsService.java:78)
	at net.thucydides.core.tags.BreadcrumbTagFilter.getRequirementBreadcrumbsFrom(BreadcrumbTagFilter.java:51)
	at net.thucydides.core.reports.html.HtmlAcceptanceTestReporter.addBreadcrumbs(HtmlAcceptanceTestReporter.java:227)
	at net.thucydides.core.reports.html.HtmlAcceptanceTestReporter.addParentRequirmentFieldToContext(HtmlAcceptanceTestReporter.java:214)
	at net.thucydides.core.reports.html.HtmlAcceptanceTestReporter.addTestOutcomeToContext(HtmlAcceptanceTestReporter.java:190)
	at net.thucydides.core.reports.html.HtmlAcceptanceTestReporter.generateReportFor(HtmlAcceptanceTestReporter.java:105)
	at net.thucydides.core.reports.ReportService.generateReportFor(ReportService.java:246)
	at net.thucydides.core.reports.ReportService.lambda$generateReportsFor$0(ReportService.java:184)
	at java.util.concurrent.Executors$RunnableAdapter.call(Executors.java:511)
	at java.util.concurrent.FutureTask.run(FutureTask.java:266)
	at java.util.concurrent.ThreadPoolExecutor.runWorker(ThreadPoolExecutor.java:1149)
	at java.util.concurrent.ThreadPoolExecutor$Worker.run(ThreadPoolExecutor.java:624)
	at java.lang.Thread.run(Thread.java:750)

16:52:55.375 [pool-3-thread-2] DEBUG serenity.reporting - Generating report in 04eeb9261e0fd497ac07e6ff8c9ad0a35b83fc06de7810413dafb629dd63565e.html

16:52:55.375 [pool-3-thread-1] DEBUG serenity.reporting - Generating report in 06b934c003f78d1b2b5dee1d1edc34d1d62c4d79f3a2d6c9371aafcb20b11229.html

16:52:56.279 [pool-3-thread-1] DEBUG serenity.reporting - Generated report 06b934c003f78d1b2b5dee1d1edc34d1d62c4d79f3a2d6c9371aafcb20b11229.html in 904 ms

16:52:56.279 [pool-3-thread-1] DEBUG net.thucydides.core.reports.ReportService - Processing test outcome As a user I want to see my homepage:As a user, I want to login with valid data done

16:52:56.279 [pool-3-thread-2] DEBUG serenity.reporting - Generated report 04eeb9261e0fd497ac07e6ff8c9ad0a35b83fc06de7810413dafb629dd63565e.html in 904 ms

16:52:56.279 [pool-3-thread-2] DEBUG net.thucydides.core.reports.ReportService - Processing test outcome As a user I want to create new Account:As a user, I want to create new account with valid data done

16:52:56.279 [pool-2-thread-1] DEBUG net.thucydides.core.reports.ReportService - Shutting down executor service

16:52:56.279 [pool-2-thread-1] DEBUG net.thucydides.core.reports.ReportService - Reports generated in: 2349 ms

16:52:56.639 [pool-2-thread-1] INFO io.cucumber.core.plugin.SerenityReporter - Cleanup test resources for URI file:///D:/API-Bayeue/src/test/resources/api/Login.feature

16:52:56.655 [pool-2-thread-1] INFO io.cucumber.core.plugin.SerenityReporter - Cleanup test resources for URI file:///D:/API-Bayeue/src/test/resources/api/Register.feature


Scenario: As a user, I want to create new account with valid data &amp#27;[90m# src/test/resources/api/Register.feature:3&amp#27;[0m
16:52:51.959 [pool-2-thread-1] INFO io.cucumber.core.plugin.SerenityReporter - Running feature from file:///D:/API-Bayeue/src/test/resources/api/Register.feature
16:52:51.959 [pool-2-thread-1] WARN io.cucumber.core.plugin.SerenityReporter - Feature from file:///D:/API-Bayeue/src/test/resources/api/Register.feature is not under the 'features' directory. Requirements report will not be correctly generated!
16:52:51.991 [pool-2-thread-1] INFO  - 
  _____   ___   ___   _____     ___   _____     _     ___   _____   ___   ___  
 |_   _| | __| / __| |_   _|   / __| |_   _|   /_\   | _ \ |_   _| | __| |   \ 
   | |   | _|  \__ \   | |     \__ \   | |    / _ \  |   /   | |   | _|  | |) |
   |_|   |___| |___/   |_|     |___/   |_|   /_/ \_\ |_|_\   |_|   |___| |___/ 

As a user, I want to create new account with valid data(as-a-user-i-want-to-create-new-account;as-a-user--i-want-to-create-new-account-with-valid-data)
--------------------------------------------------------------------------------
16:52:52.085 [pool-2-thread-1] DEBUG net.thucydides.core.steps.StepInterceptor - STARTING STEP: RegisterSteps.setPostApiRegisterEndpoint - I set POST API Register endpoint
16:52:52.085 [pool-2-thread-1] DEBUG net.thucydides.core.steps.StepInterceptor - STEP DONE: I set POST API Register endpoint
  &amp#27;[32mGiven &amp#27;[0m&amp#27;[32mI set Post Api Register endpoint&amp#27;[0m                          &amp#27;[90m# starter.stepdefinition.RegisterSteps.setPostApiRegisterEndpoint()&amp#27;[0m
16:52:52.100 [pool-2-thread-1] DEBUG net.thucydides.core.steps.StepInterceptor - STARTING STEP: RegisterSteps.sendPostRegisterHttpRequest - I send Post Register HTTP request
16:52:52.116 [pool-2-thread-1] DEBUG net.thucydides.core.steps.StepInterceptor - STARTING STEP: RegisterPOST.sendPostRegisterHttpRequest - I set POST API Register endpoint
16:52:52.116 [pool-2-thread-1] DEBUG net.thucydides.core.steps.StepInterceptor - STEP DONE: I set POST API Register endpoint
16:52:53.522 [pool-2-thread-1] DEBUG net.thucydides.core.steps.StepInterceptor - STEP DONE: I send Post Register HTTP request
  &amp#27;[32mWhen &amp#27;[0m&amp#27;[32mI send Post Register http request&amp#27;[0m                          &amp#27;[90m# starter.stepdefinition.RegisterSteps.sendPostRegisterHttpRequest()&amp#27;[0m
16:52:53.537 [pool-2-thread-1] DEBUG net.thucydides.core.steps.StepInterceptor - STARTING STEP: RegisterSteps.receiveValidRegisterHttpResponseCode200 - I receive valid Register HTTP response code 200
16:52:53.537 [pool-2-thread-1] DEBUG net.thucydides.core.steps.StepInterceptor - STEP DONE: I receive valid Register HTTP response code 200
  &amp#27;[32mThen &amp#27;[0m&amp#27;[32mI receive valid Register http response code 200&amp#27;[0m            &amp#27;[90m# starter.stepdefinition.RegisterSteps.receiveValidRegisterHttpResponseCode200()&amp#27;[0m
16:52:53.537 [pool-2-thread-1] DEBUG net.thucydides.core.steps.StepInterceptor - STARTING STEP: RegisterSteps.receiveValidDataForDetailUser - I receive valid data for detail user
16:52:53.569 [pool-2-thread-1] DEBUG net.thucydides.core.steps.StepInterceptor - STEP DONE: I receive valid data for detail user
  &amp#27;[32mAnd &amp#27;[0m&amp#27;[32mI receive valid data for detail user&amp#27;[0m                        &amp#27;[90m# starter.stepdefinition.RegisterSteps.receiveValidDataForDetailUser()&amp#27;[0m
16:52:53.569 [pool-2-thread-1] INFO  - 
  _____   ___   ___   _____     ___     _     ___   ___   ___   ___  
 |_   _| | __| / __| |_   _|   | _ \   /_\   / __| / __| | __| |   \ 
   | |   | _|  \__ \   | |     |  _/  / _ \  \__ \ \__ \ | _|  | |) |
   |_|   |___| |___/   |_|     |_|   /_/ \_\ |___/ |___/ |___| |___/ 

As a user, I want to create new account with valid data
----------------------------------------------------------------------
]]></system-out>
  </testcase>
</testsuite>